0 info it worked if it ends with ok
1 verbose cli [ '/usr/local/Cellar/node/5.6.0/bin/node',
1 verbose cli   '/usr/local/bin/npm',
1 verbose cli   'run',
1 verbose cli   'watch' ]
2 info using npm@3.6.0
3 info using node@v5.6.0
4 verbose run-script [ 'prewatch', 'watch', 'postwatch' ]
5 info lifecycle kindling@1.0.0~prewatch: kindling@1.0.0
6 silly lifecycle kindling@1.0.0~prewatch: no script for prewatch, continuing
7 info lifecycle kindling@1.0.0~watch: kindling@1.0.0
8 verbose lifecycle kindling@1.0.0~watch: unsafe-perm in lifecycle true
9 verbose lifecycle kindling@1.0.0~watch: PATH: /usr/local/lib/node_modules/npm/bin/node-gyp-bin:/Users/kevinhe/Documents/13/node_modules/.bin:~/Library/Android/sdk/tools:~/Library/Android/sdk/platform-tools:/usr/local/bin:/usr/bin:/bin:/usr/sbin:/sbin:/opt/X11/bin
10 verbose lifecycle kindling@1.0.0~watch: CWD: /Users/kevinhe/Documents/13
11 silly lifecycle kindling@1.0.0~watch: Args: [ '-c',
11 silly lifecycle   'watchify -t [ babelify ] src/browser_action/main.js -o src/browser_action/bundle.js -v' ]
12 silly lifecycle kindling@1.0.0~watch: Returned: code: 1  signal: null
13 info lifecycle kindling@1.0.0~watch: Failed to exec watch script
14 verbose stack Error: kindling@1.0.0 watch: `watchify -t [ babelify ] src/browser_action/main.js -o src/browser_action/bundle.js -v`
14 verbose stack Exit status 1
14 verbose stack     at EventEmitter.<anonymous> (/usr/local/lib/node_modules/npm/lib/utils/lifecycle.js:232:16)
14 verbose stack     at emitTwo (events.js:100:13)
14 verbose stack     at EventEmitter.emit (events.js:185:7)
14 verbose stack     at ChildProcess.<anonymous> (/usr/local/lib/node_modules/npm/lib/utils/spawn.js:24:14)
14 verbose stack     at emitTwo (events.js:100:13)
14 verbose stack     at ChildProcess.emit (events.js:185:7)
14 verbose stack     at maybeClose (internal/child_process.js:827:16)
14 verbose stack     at Process.ChildProcess._handle.onexit (internal/child_process.js:211:5)
15 verbose pkgid kindling@1.0.0
16 verbose cwd /Users/kevinhe/Documents/13
17 error Darwin 16.0.0
18 error argv "/usr/local/Cellar/node/5.6.0/bin/node" "/usr/local/bin/npm" "run" "watch"
19 error node v5.6.0
20 error npm  v3.6.0
21 error code ELIFECYCLE
22 error kindling@1.0.0 watch: `watchify -t [ babelify ] src/browser_action/main.js -o src/browser_action/bundle.js -v`
22 error Exit status 1
23 error Failed at the kindling@1.0.0 watch script 'watchify -t [ babelify ] src/browser_action/main.js -o src/browser_action/bundle.js -v'.
23 error Make sure you have the latest version of node.js and npm installed.
23 error If you do, this is most likely a problem with the kindling package,
23 error not with npm itself.
23 error Tell the author that this fails on your system:
23 error     watchify -t [ babelify ] src/browser_action/main.js -o src/browser_action/bundle.js -v
23 error You can get information on how to open an issue for this project with:
23 error     npm bugs kindling
23 error Or if that isn't available, you can get their info via:
23 error     npm owner ls kindling
23 error There is likely additional logging output above.
24 verbose exit [ 1, true ]
